GROUP,PACKAGE,CLASS,INSTRUCTION_MISSED,INSTRUCTION_COVERED,BRANCH_MISSED,BRANCH_COVERED,LINE_MISSED,LINE_COVERED,COMPLEXITY_MISSED,COMPLEXITY_COVERED,METHOD_MISSED,METHOD_COVERED
,com.Week7.TestingApp,TestingAppApplication,5,3,0,0,2,1,1,1,1,1
,com.Week7.TestingApp.exceptions,ResourceNotFoundException,9,0,0,0,4,0,2,0,2,0
,com.Week7.TestingApp.services.impl,EmployeeServiceImpl,182,0,6,0,38,0,10,0,7,0
,com.Week7.TestingApp.config,AppConfig,7,0,0,0,2,0,2,0,2,0
,com.Week7.TestingApp.advices,GlobalExceptionHandler,9,0,0,0,3,0,3,0,3,0
,com.Week7.TestingApp.controllers,EmployeeController,35,0,0,0,8,0,4,0,4,0
